Working in /var/folders/1c/f5z2jk3n0s31p6fzrrbw_01w0000gn/T/

## Download the latest webwork installer
## Unzipping the installer
Archive:  ww_install-8796.zip
905d07fadd9fb91546c749d5864420c05a6b27df
   creating: ww_install-add_logging/
 extracting: ww_install-add_logging/.gitignore  
  inflating: ww_install-add_logging/README.md  
  inflating: ww_install-add_logging/install_prerequisites.sh  
  inflating: ww_install-add_logging/install_webwork.sh  
  inflating: ww_install-add_logging/iptables_rules.sh  
   creating: ww_install-add_logging/lib/
   creating: ww_install-add_logging/lib/Term/
  inflating: ww_install-add_logging/lib/Term/ReadPassword.pm  
   creating: ww_install-add_logging/lib/Term/ReadPassword/
  inflating: ww_install-add_logging/lib/Term/ReadPassword/Linux.pm  
  inflating: ww_install-add_logging/lib/Term/ReadPassword/Win32.pm  
  inflating: ww_install-add_logging/lib/Term/ReadPassword/Win32_ja.pod  
  inflating: ww_install-add_logging/lib/cpan_config.pm  
 extracting: ww_install-add_logging/webwork_install.log  
  inflating: ww_install-add_logging/ww_install.pl  
Installing prerequisites...
I don't know what packages you need.  Fork me to fix this!
Sorry, try again.
sudo: 1 incorrect password attempt
webwork_install.log can be found in /Users/jason

## Done.
Cleaning up....
